8.8435 	WARNING 	Font Manager failed to load file /System/Library/PrivateFrameworks/FontServices.framework/Resources/Reserved/PingFangUI.ttc
8.8770 	WARNING 	Font Manager failed to load file /System/Library/PrivateFrameworks/FontServices.framework/Resources/Reserved/PingFangUI.ttc
8.8872 	WARNING 	Import Error: dlopen(/Users/yoavlevy/.pyenv/versions/psychopyEnv2/lib/python3.10/site-packages/psychtoolbox/PsychHID.cpython-310-darwin.so, 0x0002): symbol not found in flat namespace '_libusb_bulk_transfer'. Using event module for keyboard component.
8.8904 	WARNING 	User requested fullscreen with size [800 600], but screen is actually [1512, 982]. Using actual size
10.1389 	WARNING 	Couldn't measure a consistent frame rate!
  - Is your graphics card set to sync to vertical blank?
  - Are you running other processes on your computer?

11.9293 	WARNING 	Couldn't measure a consistent frame rate!
  - Is your graphics card set to sync to vertical blank?
  - Are you running other processes on your computer?

11.9293 	WARNING 	Could not measure refresh rate — assuming 60 Hz.
12.0717 	INFO 	Participant : 42372ce3
12.0717 	INFO 	Session     : 20260215_233958
12.1135 	WARNING 	t of last frame was 184.29ms (=1/5)
12.1135 	EXP 	unnamed TextStim: height = 0.032
12.1135 	EXP 	unnamed TextStim: height = 0.032
12.1135 	EXP 	unnamed TextStim: height = 0.032
12.1135 	EXP 	unnamed TextStim: text = 'Welcome to this study.\n\nIn this experiment you will read short everyday moral dilemmas and choose one of two possible actions. After you make your choice you will see whether an AI system or a human panel agreed or disagreed with your decision.\n\nPlease try to remain still and minimise eye movements during the experiment. Blink normally but try to blink only during breaks.\n\nYour participation is voluntary. You may withdraw at any time without penalty. All data will be stored anonymously using a random identifier.\n\nYour EEG data will be recorded throughout the session.\n\nIf you understand and agree to participate, press SPACE to continue.'
13.7812 	DATA 	Keypress: space
13.7885 	WARNING 	t of last frame was 1675.05ms (=1/0)
13.7885 	EXP 	unnamed TextStim: height = 0.032
13.7885 	EXP 	unnamed TextStim: height = 0.032
13.7885 	EXP 	unnamed TextStim: height = 0.032
13.7885 	EXP 	unnamed TextStim: text = 'Select a mode:\n\n  Press  P   for Practice  (5 trials)\n\n  Press  E   for Experiment (full run)\n\n  Press  ESC to quit'
17.3498 	DATA 	Keypress: escape
17.3501 	INFO 	Marker log → data/42372ce3_20260215_233958_markers.csv
17.3501 	INFO 	Experiment cleanup — shutting down.
17.3594 	INFO 	Marker log → data/42372ce3_20260215_233958_markers.csv
17.3594 	INFO 	Experiment cleanup — shutting down.
